<?xml version="1.0" encoding="UTF-8"?>
<!-- Generated by org.testng.reporters.JUnitReportReporter -->
<testsuite hostname="DESKTOP-FV1VN8J" failures="0" tests="3" name="files.DynamicJson" time="5.178" errors="0" timestamp="2021-12-29T17:23:20 IST" skipped="0">
  <testcase classname="files.DynamicJson" name="DynamicJsonMethod" time="0.123"/>
  <system-out/>
  <testcase classname="files.DynamicJson" name="DynamicJsonMethod" time="4.894"/>
  <system-out/>
  <testcase classname="files.DynamicJson" name="DynamicJsonMethod" time="0.161"/>
  <system-out/>
</testsuite> <!-- files.DynamicJson -->
